<?xml version="1.0" encoding="UTF-8"?>
<!-- Generated by org.testng.reporters.JUnitReportReporter -->
<testsuite hostname="DESKTOP-1FL19G8" failures="0" tests="1" name="Assessment_Task.VOIS.SignUp" time="9.800" errors="0" timestamp="2022-08-09T08:58:10 EET" skipped="0">
  <testcase classname="Assessment_Task.VOIS.SignUp" name="UserCreateAccount" time="9.800"/>
  <system-out/>
</testsuite> <!-- Assessment_Task.VOIS.SignUp -->
