<?xml version="1.0" encoding="UTF-8"?>
<!-- Generated by org.testng.reporters.JUnitReportReporter -->
<testsuite hostname="Ahmed-Wageeh" failures="0" tests="1" name="Assessment_Task.VOIS.Login" time="25.029" errors="0" timestamp="2022-08-09T13:39:51 EET" skipped="0">
  <testcase classname="Assessment_Task.VOIS.Login" name="userLogin" time="25.029"/>
  <system-out/>
</testsuite> <!-- Assessment_Task.VOIS.Login -->
